mark_from_roots_end
 15695          0          0
 15696    1102777       1872
 15697      12048          9
 15699          0          0
 15700          0          0
 15701          0          0
 15702        736          4
 15703          0          0
 15704          0          0
 15705        951          5
 15706        205          1
 15707    1472544       1535
 15708    1507120       1332
 15709    1377014       2171
 15710    1440691       2363
 15711      28855         39
 15712     343079        228
 15713          0          0
 15714          0          0
 15717     394286        350
 15718     324272        362
 15720     132305         64
 15768      11485          4
mark_from_roots_end
 15695          0          0
 15696    1122431       2088
 15697     128125         26
 15699     287571        165
 15700     295787        149
 15701     285285        162
 15702     295419        162
 15703     288575        160
 15704     287022        161
 15705     285507        145
 15706     288081        167
 15707    1615633       3050
 15708    1571079       3450
 15709    1633524       3900
 15710    1595738       3218
 15711     104631         46
 15712     419020        173
 15713          0          0
 15714          0          0
 15715          0          0
 15717          0          0
 15718          0          0
 15720      61587         97
 15768          0          0
 15775          0          0
 15781     249546         16
mark_from_roots_end
 15695          0          0
 15696    1575343       2692
 15697      21090         16
 15699     412534        211
 15700     281074        167
 15701     306274        164
 15702     272000        191
 15703     291696        181
 15704     323505        187
 15705     355240        161
 15706     386384        194
 15707    1699031       2938
 15708    1849077       3403
 15709    1742713       3124
 15710    1884228       2594
 15711      80430         38
 15712     155765        161
 15713          0          0
 15714          0          0
 15715          0          0
 15717     292711        312
 15718     160261        131
 15720      49079         69
 15768          0          0
 15775          0          0
 15781          0          0
 15788          0          0
 15804     182136         13
mark_from_roots_end
 15695          0          0
 15696    1738811       2016
 15697      32621          9
 15699     126160        201
 15700     125671        197
 15701     133051        209
 15702     123653        187
 15703     136554          8
 15704     125793        218
 15705     124792        184
 15706     137559        207
 15707    1667141       2565
 15708    1687110       2518
 15709    1667800       2447
 15710    1682711       2243
 15711      12888         18
 15712     244711        100
 15713          0          0
 15714       4355         18
 15715          0          0
 15717          0          0
 15718          0          0
 15720          0          0
 15768          0          0
 15775          0          0
 15781          0          0
 15788          0          0
 15804          0          0
 15826          0          0
 15906     330489          8
mark_from_roots_end
 15695          0          0
 15696          0          0
 15697      13207         31
 15699          0          0
 15700          0          0
 15701          0          0
 15702          0          0
 15703          0          0
 15704          0          0
 15705          0          0
 15706          0          0
 15707    2958018       5951
 15708    2969294       6314
 15709    2939100       5915
 15710    2948824       6526
 15711      21067         30
 15712      40548          6
 15713          0          0
 15714          0          0
 15715          0          0
 15717      82541        233
 15718        319          1
 15720       6677         22
 15768          0          0
 15775          0          0
 15781          0          0
 15788          0          0
 15804          0          0
 15826          0          0
 15906          0          0
 15911          0          0
 15917          0          0
 15929     392113        732
 15930     653049       1593
 15931     436795        819
 15932     439117       1103
 15933     288634        420
 15934     331316        788
 15935     852604       1672
 15936     183580        483
 16042      61497          7
mark_from_roots_end
 15695          0          0
 15696          0          0
 15697      16284         26
 15699          0          0
 15700          0          0
 15701          0          0
 15702          0          0
 15703          0          0
 15704          0          0
 15705          0          0
 15706          0          0
 15707    2501745       5533
 15708    2447822       6969
 15709    2482615       5934
 15710    2448696       6671
 15711      44269         34
 15712       6284          5
 15713          0          0
 15714          0          0
 15715          0          0
 15717          0          0
 15718          0          0
 15720          0          0
 15768          0          0
 15775          0          0
 15781          0          0
 15788          0          0
 15804          0          0
 15826          0          0
 15906          0          0
 15911          0          0
 15917          0          0
 15929     334741       1034
 15930     284316        833
 15931      92357        299
 15932     215269        771
 15933     474622       1144
 15934     401011       1059
 15935     548467       1604
 15936     428938       1394
 16042          0          0
 16053          0          0
 16099      50302          4
mark_from_roots_end
 15695          0          0
 15696          0          0
 15697       2676          7
 15699          0          0
 15700          0          0
 15701          0          0
 15702          0          0
 15703          0          0
 15704          0          0
 15705          0          0
 15706          0          0
 15707    2564485       6781
 15708    2554068       6547
 15709    2550650       7024
 15710    2596311       5269
 15711      85705         30
 15712       3332          8
 15713          0          0
 15714          0          0
 15715          0          0
 15717          0          0
 15718          0          0
 15720          0          0
 15768          0          0
 15775          0          0
 15781          0          0
 15788          0          0
 15804          0          0
 15826          0          0
 15906          0          0
 15911          0          0
 15917          0          0
 15929     479529       1222
 15930     316171        928
 15931     253505        813
 15932     288126       1140
 15933     198270        724
 15934     706639       1730
 15935     451401       1139
 15936     272158        535
 16042          0          0
 16053          0          0
 16099          0          0
 16108          0          0
 16124      29170         19
mark_from_roots_end
 15695          0          0
 15696          0          0
 15697      37103         14
 15699          0          0
 15700          0          0
 15701          0          0
 15702          0          0
 15703          0          0
 15704          0          0
 15705          0          0
 15706          0          0
 15707    3071107       7115
 15708    3061765       6988
 15709    3062535       6503
 15710    3124617       6816
 15711      13852         28
 15712      39446          9
 15713          0          0
 15714          0          0
 15715          0          0
 15717          0          0
 15718          0          0
 15720          0          0
 15768          0          0
 15775          0          0
 15781          0          0
 15788          0          0
 15804          0          0
 15826          0          0
 15906          0          0
 15911          0          0
 15917          0          0
 15929     497153       1248
 15930     578340       1663
 15931     458456        895
 15932     399415        906
 15933     488947        960
 15934     357531       1061
 15935     349307        801
 15936     357723        919
 16042          0          0
 16053          0          0
 16099          0          0
 16108          0          0
 16124          0          0
 16132          0          0
 16144     341027         21
mark_from_roots_end
 15695          0          0
 15696          0          0
 15697      66179         20
 15699          0          0
 15700          0          0
 15701          0          0
 15702          0          0
 15703          0          0
 15704          0          0
 15705          0          0
 15706          0          0
 15707    3034905       7346
 15708    3030362       7356
 15709    3040846       6676
 15710    3009616       7231
 15711      12648         29
 15712       1239          3
 15713          0          0
 15714          0          0
 15715          0          0
 15717          0          0
 15718          0          0
 15720          0          0
 15768          0          0
 15775          0          0
 15781          0          0
 15788          0          0
 15804          0          0
 15826          0          0
 15906          0          0
 15911          0          0
 15917          0          0
 15929     244448        827
 15930     283483        871
 15931     111634        442
 15932     317411        917
 15933     654179       1519
 15934     753514       1620
 15935     642063       1379
 15936     362848       1222
 16042          0          0
 16053          0          0
 16099          0          0
 16108          0          0
 16124          0          0
 16132          0          0
 16144          0          0
 16152          0          0
 16159      63967         15
mark_from_roots_end
 15695          0          0
 15696          0          0
 15697      11900         15
 15699          0          0
 15700          0          0
 15701          0          0
 15702          0          0
 15703          0          0
 15704          0          0
 15705          0          0
 15706          0          0
 15707    2903203       7074
 15708    2935068       5085
 15709    2892657       7191
 15710    2903457       7190
 15711      30487         34
 15712      36940          5
 15713          0          0
 15714          0          0
 15715          0          0
 15717          0          0
 15718          0          0
 15720        857          3
 15768          0          0
 15775          0          0
 15781          0          0
 15788          0          0
 15804          0          0
 15826          0          0
 15906          0          0
 15911          0          0
 15917          0          0
 15929    2003911       4794
 15930          0          0
 15931    1312772       3803
 15932          0          0
 15933          0          0
 15934          0          0
 15935          0          0
 15936          0          0
 16042          0          0
 16053          0          0
 16099          0          0
 16108          0          0
 16124          0          0
 16132          0          0
 16144          0          0
 16152          0          0
 16159          0          0
 16167          0          0
 16174     288800         23
mark_from_roots_end
 15695          0          0
 15696    3208927       8637
 15697     127349         26
 15699          0          0
 15700          0          0
 15701          0          0
 15702          0          0
 15703          0          0
 15704          0          0
 15705          0          0
 15706          0          0
 15707    2968309       7626
 15708    3001957       7779
 15709    2971234       7607
 15710    2997790       7542
 15711      50877         54
 15712       6308          9
 15713          0          0
 15714          0          0
 15715          0          0
 15717          0          0
 15718          0          0
 15720        489          2
 15768          0          0
 15775          0          0
 15781          0          0
 15788          0          0
 15804          0          0
 15826          0          0
 15906          0          0
 15911          0          0
 15917          0          0
 15929          0          0
 15930          0          0
 15931          0          0
 15932          0          0
 15933          0          0
 15934          0          0
 15935          0          0
 15936          0          0
 16042          0          0
 16053          0          0
 16099          0          0
 16108          0          0
 16124          0          0
 16132          0          0
 16144          0          0
 16152          0          0
 16159          0          0
 16167          0          0
 16174          0          0
 16182          0          0
 16190      30305         13
mark_from_roots_end
 15695          0          0
 15696    2240146       2605
 15697     108942          3
 15699          0          0
 15700          0          0
 15701          0          0
 15702          0          0
 15703          0          0
 15704          0          0
 15705          0          0
 15706          0          0
 15707    2270415       2933
 15708    2288502       2516
 15709    2334634       2334
 15710    2286887       2527
 15711      25102         22
 15712      11149          2
 15713          0          0
 15714          0          0
 15715          0          0
 15717          0          0
 15718          0          0
 15720      31869         10
 15768          0          0
 15775          0          0
 15781          0          0
 15788          0          0
 15804          0          0
 15826          0          0
 15906          0          0
 15911          0          0
 15917          0          0
 15929          0          0
 15930          0          0
 15931          0          0
 15932          0          0
 15933          0          0
 15934          0          0
 15935          0          0
 15936          0          0
 16042          0          0
 16053          0          0
 16099          0          0
 16108          0          0
 16124          0          0
 16132          0          0
 16144          0          0
 16152          0          0
 16159          0          0
 16167          0          0
 16174          0          0
 16182          0          0
 16190          0          0
 16198          0          0
 16206          0          0
 16226     228973          6
mark_from_roots_end
 15695          0          0
 15696    2659393       1945
 15697      51491         18
 15699     267420        176
 15700     211292        178
 15701     196920        169
 15702     199014        177
 15703     251437        125
 15704     280921        158
 15705     237970        176
 15706     261531        170
 15707    2505987       4837
 15708    2560530       5359
 15709    2537871       5377
 15710    2500538       4985
 15711      14309         41
 15712     296627         58
 15713          0          0
 15714          0          0
 15715          0          0
 15717          0          0
 15718          0          0
 15720      37825         14
 15768          0          0
 15775          0          0
 15781          0          0
 15788          0          0
 15804          0          0
 15826          0          0
 15906          0          0
 15911          0          0
 15917          0          0
 15929          0          0
 15930          0          0
 15931          0          0
 15932          0          0
 15933          0          0
 15934          0          0
 15935          0          0
 15936          0          0
 16042          0          0
 16053          0          0
 16099          0          0
 16108          0          0
 16124          0          0
 16132          0          0
 16144          0          0
 16152          0          0
 16159          0          0
 16167          0          0
 16174          0          0
 16182          0          0
 16190          0          0
 16198          0          0
 16206          0          0
 16226          0          0
 16233          0          0
 16239          0          0
 16257     116047         12
vm_exit
 15695       1343          1        746
 15696   49069247     149777   13218260
 15697    4477567       5087    1327796
 15699   16611628      25630    5638344
 15700   16615785      23834    5552867
 15701   16406889      24846    6319636
 15702   17751925      26237    5230565
 15703   16854580      25644    5211830
 15704   16926329      24725    5405015
 15705   16934613      25252    5491385
 15706   16802166      24916    5938346
 15707   31232523      65284    3353768
 15708   31463754      65616    3370778
 15709   31233193      66203    3404930
 15710   31420104      65175    3461498
 15711   44843154     143535   22619504
 15712  100074752     358070   10746124
 15713      17790         68       2918
 15714      48266        147       7045
 15715      18096         40       1674
 15716       8906         18        491
 15717    7136581      15425    2572736
 15718    7451334      16717    3311417
 15720    1887120       2627     265895
 15768      11485          4       2781
 15775       6109          9       3599
 15781     249546         16       3982
 15788      21169          9       3664
 15804     182136         13       5070
 15826       5077         10       3591
 15906     330489          8       4273
 15911       9664         17       4024
 15917       2753          6       3461
 15929   43009863     188239    8194477
 15930   41706842     185437    7950961
 15931   44679542     196725    8353159
 15932   43642267     190159    8049387
 15933   40757160     179311    7837230
 15934   41451639     182532    7982753
 15935   42965135     185396    7958933
 15936   43113583     188888    7991118
 16042      61497          7       5735
 16053       8683          5       4109
 16099      50302          4       4219
 16108          0          0       4039
 16124      29170         19       4690
 16132       9208          5       4205
 16144     341027         21       6718
 16152       1822          3       4335
 16159      63967         15       4246
 16167      13558          9       4240
 16174     288800         23       4886
 16182      15097          9       4930
 16190      30305         13       4525
 16198      12897         16       4507
 16206       4040         12       4190
 16226     228973          6       4555
 16233      11583          9       5953
 16239       2427          6       4185
 16257     116047         12       5766
 16263       5622         15       4531
 16266      32351         80       2761
