mark_from_roots_end
 32296          0          0
 32297          0          0
 32298          0          0
 32300          0          0
 32301          0          0
 32302          0          0
 32303          0          0
 32304          0          0
 32305          0          0
 32306          0          0
 32307          0          0
 32308       9611          5
 32309        508          1
 32310       7904          2
 32311       8640          2
 32312       3480         12
 32313          0          0
 32314          0          0
 32315          0          0
 32316          0          0
 32317          0          0
 32318          0          0
 32319          0          0
 32320          0          0
 32321          0          0
 32322          0          0
 32326        178          1
mark_from_roots_end
 32296          0          0
 32297          0          0
 32298          0          0
 32300          0          0
 32301          0          0
 32302          0          0
 32303          0          0
 32304          0          0
 32305          0          0
 32306          0          0
 32307          0          0
 32308       1038          0
 32309        690          2
 32310        705          2
 32311        674          1
 32312       1382          5
 32313          0          0
 32314          0          0
 32315          0          0
 32316          0          0
 32317          0          0
 32318          0          0
 32319          0          0
 32320          0          0
 32321          0          0
 32322          0          0
 32326          0          0
 32330          0          0
 32335          0          0
mark_from_roots_end
 32296          0          0
 32297     176807        130
 32298          0          0
 32300     121536         34
 32301     127735         26
 32302     126774         26
 32303     118754         30
 32304     122755         29
 32305     121103         37
 32306     122812         26
 32307     124330         18
 32308     224433        406
 32309     236908        486
 32310     206660        345
 32311     322759        297
 32312      25931          9
 32313       8168          9
 32314          0          0
 32315          0          0
 32316          0          0
 32317          0          0
 32318          0          0
 32319          0          0
 32320          0          0
 32321          0          0
 32322          0          0
 32326          0          0
 32330          0          0
 32335          0          0
 32340          0          0
 32344          0          0
mark_from_roots_end
 32296          0          0
 32297          0          0
 32298          0          0
 32300          0          0
 32301          0          0
 32302          0          0
 32303          0          0
 32304          0          0
 32305          0          0
 32306          0          0
 32307          0          0
 32308     510039        911
 32309     497253        726
 32310     492745        966
 32311     513720       1092
 32312     151283         24
 32313          0          0
 32314          0          0
 32315          0          0
 32316          0          0
 32317          0          0
 32318      45761         78
 32319          0          0
 32320          0          0
 32321          0          0
 32322          0          0
 32326          0          0
 32330          0          0
 32335          0          0
 32340          0          0
 32344          0          0
 32349          0          0
 32353          0          0
 32360      93030        129
 32361     133336         40
 32362       3677         17
 32363      30191         40
 32364     105160         28
 32365      11295         17
 32366       7570         27
 32367      20466         49
 32386          0          0
mark_from_roots_end
 32296          0          0
 32297          0          0
 32298          0          0
 32300          0          0
 32301          0          0
 32302          0          0
 32303          0          0
 32304          0          0
 32305          0          0
 32306          0          0
 32307          0          0
 32308      97497        285
 32309     103883        327
 32310      82529        243
 32311     108735        383
 32312       6700         14
 32313          0          0
 32314          0          0
 32315          0          0
 32316          0          0
 32317          0          0
 32318          0          0
 32319          0          0
 32320          0          0
 32321       5139          4
 32322          0          0
 32326          0          0
 32330          0          0
 32335          0          0
 32340          0          0
 32344          0          0
 32349          0          0
 32353          0          0
 32360        625          2
 32361       2887          1
 32362       1591          6
 32363          0          0
 32364          0          0
 32365        451          3
 32366        452          1
 32367       3234          1
 32386          0          0
 32391          0          0
 32397        211          1
mark_from_roots_end
 32296          0          0
 32297          0          0
 32298          0          0
 32300          0          0
 32301          0          0
 32302          0          0
 32303          0          0
 32304          0          0
 32305          0          0
 32306          0          0
 32307          0          0
 32308       3212          8
 32309          0          0
 32310      12747         26
 32311       1826          5
 32312       7825         17
 32313          0          0
 32314          0          0
 32315          0          0
 32316          0          0
 32317          0          0
 32318      29360         29
 32319      58004        121
 32320          0          0
 32321          0          0
 32322          0          0
 32326          0          0
 32330          0          0
 32335          0          0
 32340          0          0
 32344          0          0
 32349          0          0
 32353          0          0
 32360      24827         10
 32361       6046          4
 32362      14248         17
 32363          0          0
 32364      23029         12
 32365          0          0
 32366      16422          5
 32367          0          0
 32386          0          0
 32391          0          0
 32397          0          0
 32402          0          0
 32407          0          0
mark_from_roots_end
 32296          0          0
 32297      59469         54
 32298          0          0
 32300          0          0
 32301          0          0
 32302          0          0
 32303          0          0
 32304          0          0
 32305          0          0
 32306          0          0
 32307          0          0
 32308      16616         61
 32309      12407         39
 32310      19233         66
 32311      43238        190
 32312      15562         16
 32313          0          0
 32314          0          0
 32315          0          0
 32316          0          0
 32317          0          0
 32318      89186        147
 32319     118032        148
 32320          0          0
 32321          0          0
 32322          0          0
 32326          0          0
 32330          0          0
 32335          0          0
 32340          0          0
 32344          0          0
 32349          0          0
 32353          0          0
 32360          0          0
 32361          0          0
 32362          0          0
 32363          0          0
 32364          0          0
 32365          0          0
 32366          0          0
 32367          0          0
 32386          0          0
 32391          0          0
 32397          0          0
 32402          0          0
 32407          0          0
 32411          0          0
 32415       2469          1
mark_from_roots_end
 32296          0          0
 32297      23081         77
 32298      38969          9
 32300          0          0
 32301          0          0
 32302          0          0
 32303          0          0
 32304          0          0
 32305          0          0
 32306          0          0
 32307          0          0
 32308     861628       1119
 32309     887645       1141
 32310     922367       1151
 32311     920519       1240
 32312      25473         28
 32313       4097          8
 32314          0          0
 32315          0          0
 32316          0          0
 32317          0          0
 32318          0          0
 32319          0          0
 32320          0          0
 32321          0          0
 32322          0          0
 32326          0          0
 32330          0          0
 32335          0          0
 32340          0          0
 32344          0          0
 32349          0          0
 32353          0          0
 32360          0          0
 32361          0          0
 32362          0          0
 32363          0          0
 32364          0          0
 32365          0          0
 32366          0          0
 32367          0          0
 32386          0          0
 32391          0          0
 32397          0          0
 32402          0          0
 32407          0          0
 32411          0          0
 32415          0          0
 32420          0          0
 32426          0          0
 32437      26932          2
vm_exit
 32296      17833         27
 32297    3758470      11446
 32298     491330        238
 32300     887614        830
 32301     579334        821
 32302     753731        757
 32303     657280        829
 32304     810312        820
 32305     513434        806
 32306     642610        944
 32307     624262        741
 32308    1724074       2795
 32309    1739294       2722
 32310    1744890       2801
 32311    1920111       3210
 32312    1206639       3502
 32313   24056514      72316
 32314       2868          5
 32315      15548         45
 32316        916          4
 32317        305          1
 32318    1148471       1986
 32319    1338556       1867
 32320        303          1
 32321     836480        543
 32322        747          0
 32326        178          1
 32330          0          0
 32335       1878          5
 32340        103          1
 32344       1566          5
 32349      12667          1
 32353       4143         10
 32360     496917        969
 32361     570113        885
 32362     371261        937
 32363     329378        977
 32364     529608       1004
 32365     538235       1190
 32366     580085        992
 32367     398709        955
 32386        786          3
 32391        220          1
 32397       1534          5
 32402        564          2
 32407          0          0
 32411       2129          6
 32415       2469          1
 32420        389          2
 32426        551          2
 32437      26932          2
 32441       3242          8
 32510       3544         21
