mark_from_roots_end
 12629          0          0
 12630          0          0
 12631     301558        139
 12633          0          0
 12634          0          0
 12635          0          0
 12636          0          0
 12637          0          0
 12638          0          0
 12639          0          0
 12640          0          0
 12641          0          0
 12642          0          0
 12643          0          0
 12644          0          0
 12645          0          0
 12646   14356228      50651
 12647          0          0
 12648          0          0
 12649          0          0
 12650          0          0
 12651          0          0
 12652          0          0
 12653          0          0
 12654      63962        114
 12655          0          0
 12659          0          0
 12664          0          0
 12670          0          0
 12677          0          0
 12683          0          0
 12688       1612          5
mark_from_roots_end
 12629          0          0
 12630          0          0
 12631     272462        104
 12633          0          0
 12634          0          0
 12635          0          0
 12636          0          0
 12637          0          0
 12638          0          0
 12639          0          0
 12640          0          0
 12641          0          0
 12642          0          0
 12643          0          0
 12644          0          0
 12645          0          0
 12646   10337053      34470
 12647          0          0
 12648          0          0
 12649          0          0
 12650          0          0
 12651          0          0
 12652          0          0
 12653          0          0
 12654      73501         33
 12655          0          0
 12659          0          0
 12664          0          0
 12670          0          0
 12677          0          0
 12683          0          0
 12688          0          0
 12701          0          0
 12706          0          0
 12711       1493          5
mark_from_roots_end
 12629          0          0
 12630          0          0
 12631     356673        198
 12633          0          0
 12634          0          0
 12635          0          0
 12636          0          0
 12637          0          0
 12638          0          0
 12639          0          0
 12640          0          0
 12641          0          0
 12642          0          0
 12643          0          0
 12644          0          0
 12645       1359          4
 12646   23289105      91320
 12647          0          0
 12648          0          0
 12649          0          0
 12650          0          0
 12651          0          0
 12652          0          0
 12653          0          0
 12654     120287        205
 12655          0          0
 12659          0          0
 12664          0          0
 12670          0          0
 12677          0          0
 12683          0          0
 12688          0          0
 12701          0          0
 12706          0          0
 12711          0          0
 12720          0          0
 12721          0          0
 12722          0          0
 12723          0          0
 12724          0          0
 12725          0          0
 12726          0          0
 12727          0          0
 12948          0          0
 12955          0          0
 12975          0          0
 12983          0          0
 12993          0          0
 13001          0          0
 13007          0          0
 13012          0          0
 13018          0          0
 13026          0          0
 13032       1812          5
mark_from_roots_end
 12629          0          0
 12630          0          0
 12631     246048        138
 12633          0          0
 12634          0          0
 12635          0          0
 12636          0          0
 12637          0          0
 12638          0          0
 12639          0          0
 12640          0          0
 12641          0          0
 12642          0          0
 12643          0          0
 12644          0          0
 12645          0          0
 12646   18217978      68728
 12647          0          0
 12648          0          0
 12649          0          0
 12650          0          0
 12651          0          0
 12652          0          0
 12653          0          0
 12654     145244         36
 12655          0          0
 12659          0          0
 12664          0          0
 12670          0          0
 12677          0          0
 12683          0          0
 12688          0          0
 12701          0          0
 12706          0          0
 12711          0          0
 12720          0          0
 12721          0          0
 12722          0          0
 12723          0          0
 12724          0          0
 12725          0          0
 12726          0          0
 12727          0          0
 12948          0          0
 12955          0          0
 12975          0          0
 12983          0          0
 12993          0          0
 13001          0          0
 13007          0          0
 13012          0          0
 13018          0          0
 13026          0          0
 13032          0          0
 13049          0          0
 13056          0          0
 13061       5194         11
vm_exit
 12629      39363         29       3901
 12630   20934218      60172   11917636
 12631    2834768       1819     664873
 12633    6934748      10057    2128749
 12634    7054811      10104    2357593
 12635    6700007       9885    2242507
 12636    6938486       9975    2460529
 12637    6470380      10000    2475718
 12638    6703551      10222    2237830
 12639    6765469      10100    2350126
 12640    6621492      10063    2543350
 12641   16401069      30417    2224789
 12642   16420899      32402    2189476
 12643   16342066      31875    2294239
 12644   16413950      31847    2198916
 12645   22984560      77756   16890486
 12646   71900537     253946    8945495
 12647      29378         68       3808
 12648      63540        130       7250
 12649       5837         18       1151
 12650       4185          8        343
 12651    4819253      10337    3065236
 12652    3801679       9117    3234730
 12653        306          1        109
 12654    1364478       1919     151408
 12655        721          0        923
 12659        319          1       2971
 12664       7191         11       3528
 12670      53329         11       4071
 12677       5363         11       7160
 12683      35346         10       3871
 12688       1612          5       3707
 12701       3658          8       3843
 12706       2399          5       4034
 12711       1493          5       3687
 12720   14862165      58013    5920654
 12721   14725308      59543    5957506
 12722   15334310      58591    5808088
 12723   14084056      55712    5784035
 12724   13089979      53590    5604642
 12725   14240186      55578    5767658
 12726   15726172      58455    5839737
 12727   13090454      52648    5586397
 12948     229215         16       5055
 12955      12518         12       5024
 12975      81732         12       7693
 12983       2528          3       4434
 12993     100402         17       5057
 13001       2876          5       4821
 13007     168004         19       5095
 13012       7121         12       4691
 13018      10751         10       4998
 13026          0          0       4536
 13032       1812          5       4427
 13049       6626          5       4374
 13056          0          0       4534
 13061       5194         11       4550
 13075      52389          6       4647
 13080       5877         35       1284
 13082       1483          4       4550
