mark_from_roots_end
  5557          0          0
  5558     457346        196
  5559       8589          2
  5561       1787          7
  5562       3518         14
  5563       9583         42
  5564       4195          9
  5565       2259          8
  5566       4782          9
  5567       2280          9
  5568       2657          5
  5569     893757        676
  5570     903812        929
  5571     874817        597
  5572     870934        665
  5573      32337         14
  5574       3574         18
  5575          0          0
  5576          0          0
  5577          0          0
  5578          0          0
  5579     554390        236
  5580     614368        247
  5581          0          0
  5582      14833          1
  5583          0          0
  5587      13651          8
mark_from_roots_end
  5557          0          0
  5558     685189        652
  5559      13891          6
  5561      15815          0
  5562      31414          7
  5563      20541          1
  5564      28430          3
  5565      32298          4
  5566      36104          3
  5567      40399          7
  5568      20438          1
  5569    1097639       1671
  5570    1126230       1646
  5571    1094261       1550
  5572    1104744       1633
  5573      74493         38
  5574       4039         23
  5575          0          0
  5576          0          0
  5577          0          0
  5578          0          0
  5579          0          0
  5580          0          0
  5581          0          0
  5582      18228         75
  5583          0          0
  5587          0          0
  5593          0          0
  5598      21916         15
mark_from_roots_end
  5557          0          0
  5558     719232       1396
  5559       2186          5
  5561     122119         70
  5562     131526         82
  5563     130724         76
  5564     130707         82
  5565     124290         77
  5566     120646         68
  5567     124640         63
  5568     123950         67
  5569    1019850       1689
  5570    1029724       1775
  5571    1065371       1899
  5572    1060904       1869
  5573      49435         28
  5574     365867        109
  5575          0          0
  5576          0          0
  5577          0          0
  5578          0          0
  5579     178373        170
  5580     134124        179
  5581          0          0
  5582          0          0
  5583          0          0
  5587          0          0
  5593          0          0
  5598          0          0
  5603          0          0
  5609       6646         10
mark_from_roots_end
  5557          0          0
  5558     925997       1710
  5559       5543         12
  5561      72382        114
  5562      58595         94
  5563      66890        121
  5564      60649        112
  5565      62985        115
  5566      71289         96
  5567      67825        125
  5568      77615        121
  5569     925057       1588
  5570     947607       1360
  5571    1021149       1507
  5572     907819       1750
  5573       4657         18
  5574     274244         46
  5575          0          0
  5576       3151         15
  5577          0          0
  5578          0          0
  5579          0          0
  5580          0          0
  5581          0          0
  5582          0          0
  5583          0          0
  5587          0          0
  5593          0          0
  5598          0          0
  5603          0          0
  5609          0          0
  5614          0          0
  5627       5567         10
mark_from_roots_end
  5557          0          0
  5558          0          0
  5559       5515         13
  5561          0          0
  5562          0          0
  5563          0          0
  5564          0          0
  5565          0          0
  5566          0          0
  5567          0          0
  5568          0          0
  5569    2329034       4620
  5570    2361414       4356
  5571    2319973       4332
  5572    2333812       4459
  5573      11242         35
  5574      80350          4
  5575          0          0
  5576          0          0
  5577          0          0
  5578          0          0
  5579          0          0
  5580     132892        380
  5581          0          0
  5582          0          0
  5583          0          0
  5587          0          0
  5593          0          0
  5598          0          0
  5603          0          0
  5609          0          0
  5614          0          0
  5627          0          0
  5631          0          0
  5636          0          0
  5645     724599       1019
  5646     285127        872
  5647     170484        503
  5648     351173        463
  5649     544002        960
  5650     129959        311
  5651     224919        699
  5652     133550        449
  5695       8571          3
mark_from_roots_end
  5557          0          0
  5558          0          0
  5559       2597          6
  5561          0          0
  5562          0          0
  5563          0          0
  5564          0          0
  5565          0          0
  5566          0          0
  5567          0          0
  5568          0          0
  5569    2251354       4560
  5570    2280220       4663
  5571    2272570       4710
  5572    2295799       4512
  5573      33178         40
  5574       8194          6
  5575          0          0
  5576          0          0
  5577          0          0
  5578          0          0
  5579          0          0
  5580          0          0
  5581          0          0
  5582          0          0
  5583          0          0
  5587          0          0
  5593          0          0
  5598          0          0
  5603          0          0
  5609          0          0
  5614          0          0
  5627          0          0
  5631          0          0
  5636          0          0
  5645     310009        912
  5646     236807        367
  5647     733747        743
  5648     236918        620
  5649     358745       1169
  5650     273406        729
  5651     164980        393
  5652     176688        478
  5695          0          0
  5703          0          0
  5729      22738         11
mark_from_roots_end
  5557          0          0
  5558          0          0
  5559       3844          9
  5561          0          0
  5562          0          0
  5563          0          0
  5564          0          0
  5565          0          0
  5566          0          0
  5567          0          0
  5568          0          0
  5569    2477714       4392
  5570    2465470       4546
  5571    2493786       4408
  5572    2489860       4623
  5573      10844         24
  5574      36873          4
  5575          0          0
  5576          0          0
  5577          0          0
  5578          0          0
  5579          0          0
  5580          0          0
  5581          0          0
  5582          0          0
  5583          0          0
  5587          0          0
  5593          0          0
  5598          0          0
  5603          0          0
  5609          0          0
  5614          0          0
  5627          0          0
  5631          0          0
  5636          0          0
  5645     426588        939
  5646     490960        593
  5647     476099       1054
  5648     312456        760
  5649     307704        566
  5650     176097        575
  5651     286316        459
  5652     282298        574
  5695          0          0
  5703          0          0
  5729          0          0
  5737          0          0
  5747     116874         15
mark_from_roots_end
  5557          0          0
  5558          0          0
  5559      46835          8
  5561          0          0
  5562          0          0
  5563          0          0
  5564          0          0
  5565          0          0
  5566          0          0
  5567          0          0
  5568          0          0
  5569    2221631       5077
  5570    2203947       4894
  5571    2222671       4395
  5572    2228322       4796
  5573       9615         29
  5574     153246         66
  5575          0          0
  5576          0          0
  5577          0          0
  5578          0          0
  5579          0          0
  5580          0          0
  5581          0          0
  5582      23313         23
  5583          0          0
  5587          0          0
  5593          0          0
  5598          0          0
  5603          0          0
  5609          0          0
  5614          0          0
  5627          0          0
  5631          0          0
  5636          0          0
  5645     396325       1109
  5646     436564       1062
  5647          0          0
  5648          0          0
  5649     686138       1385
  5650     155904        504
  5651     624746       1431
  5652     211334        427
  5695          0          0
  5703          0          0
  5729          0          0
  5737          0          0
  5747          0          0
  5755          0          0
  5761     123078          8
mark_from_roots_end
  5557          0          0
  5558       5943         15
  5559       6264         15
  5561          0          0
  5562          0          0
  5563          0          0
  5564          0          0
  5565          0          0
  5566          0          0
  5567          0          0
  5568          0          0
  5569    1819059       4546
  5570    1823191       4562
  5571    1833623       4588
  5572    1855604       4102
  5573      31964         29
  5574      97496          4
  5575          0          0
  5576          0          0
  5577          0          0
  5578          0          0
  5579          0          0
  5580          0          0
  5581          0          0
  5582          0          0
  5583          0          0
  5587          0          0
  5593          0          0
  5598          0          0
  5603          0          0
  5609          0          0
  5614          0          0
  5627          0          0
  5631          0          0
  5636          0          0
  5645     318668        928
  5646          0          0
  5647          0          0
  5648          0          0
  5649     964980       2095
  5650          0          0
  5651          0          0
  5652     920626       2439
  5695          0          0
  5703          0          0
  5729          0          0
  5737          0          0
  5747          0          0
  5755          0          0
  5761          0          0
  5767          0          0
  5773       5445          8
mark_from_roots_end
  5557          0          0
  5558    1253771       1286
  5559      37551         17
  5561          0          0
  5562          0          0
  5563          0          0
  5564          0          0
  5565          0          0
  5566          0          0
  5567          0          0
  5568          0          0
  5569    1184664       1514
  5570    1199884       1402
  5571    1248748       1468
  5572    1199168       1296
  5573      57777         25
  5574       9488          2
  5575          0          0
  5576          0          0
  5577          0          0
  5578          0          0
  5579          0          0
  5580          0          0
  5581          0          0
  5582          0          0
  5583          0          0
  5587          0          0
  5593          0          0
  5598          0          0
  5603          0          0
  5609          0          0
  5614          0          0
  5627          0          0
  5631          0          0
  5636          0          0
  5645          0          0
  5646          0          0
  5647          0          0
  5648          0          0
  5649          0          0
  5650          0          0
  5651          0          0
  5652          0          0
  5695          0          0
  5703          0          0
  5729          0          0
  5737          0          0
  5747          0          0
  5755          0          0
  5761          0          0
  5767          0          0
  5773          0          0
  5780          0          0
  5788          0          0
  5821      14390          5
mark_from_roots_end
  5557          0          0
  5558      38548        164
  5559          0          0
  5561          0          0
  5562          0          0
  5563          0          0
  5564          0          0
  5565          0          0
  5566          0          0
  5567          0          0
  5568          0          0
  5569    1929776       3723
  5570    1926350       3694
  5571    1826040       3363
  5572    1933236       2810
  5573      12458         43
  5574       2614          7
  5575          0          0
  5576          0          0
  5577          0          0
  5578          0          0
  5579          0          0
  5580          0          0
  5581          0          0
  5582          0          0
  5583          0          0
  5587          0          0
  5593          0          0
  5598          0          0
  5603          0          0
  5609          0          0
  5614          0          0
  5627          0          0
  5631          0          0
  5636          0          0
  5645          0          0
  5646          0          0
  5647          0          0
  5648          0          0
  5649          0          0
  5650          0          0
  5651          0          0
  5652          0          0
  5695          0          0
  5703          0          0
  5729          0          0
  5737          0          0
  5747          0          0
  5755          0          0
  5761          0          0
  5767          0          0
  5773          0          0
  5780          0          0
  5788          0          0
  5821          0          0
  5827          0          0
  5832      68517         20
mark_from_roots_end
  5557          0          0
  5558    1549716       1925
  5559      70542         10
  5561      12517         17
  5562      50986         10
  5563      85225         17
  5564      53014         11
  5565      44830         12
  5566      11525         21
  5567     108371         21
  5568      66759         19
  5569    1817513       3995
  5570    1663986       3445
  5571    1732905       3803
  5572    1768075       3863
  5573      20234         27
  5574     515384        115
  5575          0          0
  5576          0          0
  5577          0          0
  5578          0          0
  5579          0          0
  5580          0          0
  5581          0          0
  5582       3282          7
  5583          0          0
  5587          0          0
  5593          0          0
  5598          0          0
  5603          0          0
  5609          0          0
  5614          0          0
  5627          0          0
  5631          0          0
  5636          0          0
  5645          0          0
  5646          0          0
  5647          0          0
  5648          0          0
  5649          0          0
  5650          0          0
  5651          0          0
  5652          0          0
  5695          0          0
  5703          0          0
  5729          0          0
  5737          0          0
  5747          0          0
  5755          0          0
  5761          0          0
  5767          0          0
  5773          0          0
  5780          0          0
  5788          0          0
  5821          0          0
  5827          0          0
  5832          0          0
  5837          0          0
  5914      18516          7
vm_exit
  5557      18696         30
  5558   23807441      65648
  5559    2905648       2077
  5561    7855545      10872
  5562    7851527      10892
  5563    8059976      11367
  5564    8091898      11477
  5565    7917048      11081
  5566    8123344      11318
  5567    8182798      10628
  5568    7788105      10808
  5569   19967048      38051
  5570   19931835      37272
  5571   20005914      36620
  5572   20048277      36378
  5573   26557744      85284
  5574   72739717     248154
  5575      70817         45
  5576      44315        121
  5577      25790         23
  5578       4870         13
  5579    5566493      10618
  5580    5326163      10344
  5581        273          1
  5582    1460318       2007
  5583        868          1
  5587      13651          8
  5593          0          0
  5598      21916         15
  5603      41086         19
  5609       6646         10
  5614      22581         10
  5627       5567         10
  5631       7100         15
  5636       7373         14
  5645   16860159      68603
  5646   16007008      62387
  5647   14713596      57130
  5648   14844077      61337
  5649   17096804      68549
  5650   14766841      64374
  5651   16000709      64122
  5652   17313605      72373
  5695       8571          3
  5703       3488          3
  5729      22738         11
  5737       6507          4
  5747     116874         15
  5755      14784         17
  5761     123078          8
  5767       1569          1
  5773       5445          8
  5780      57921          9
  5788       1748          3
  5821      14390          5
  5827       2559          4
  5832      68517         20
  5837       5043          8
  5914      18516          7
  5919       4420         26
  5921       4140          7
