mark_from_roots_end
  6818          0          0
  6819     503589        307
  6820          0          0
  6822       1975         10
  6823       1437          6
  6824        669          4
  6825       1369          6
  6826          0          0
  6827        757          3
  6828        175          1
  6829       2310         12
  6830     788086        715
  6831     801383        805
  6832     837264        839
  6833     807455        740
  6834       5806         20
  6835      43750          2
  6836          0          0
  6837          0          0
  6838          0          0
  6839          0          0
  6840     453972        206
  6841     416868        232
  6842          0          0
  6843     168905        114
  6844          0          0
  6847       2511          6
mark_from_roots_end
  6818          0          0
  6819     857613        851
  6820       2824          4
  6822      52070          3
  6823      44935          0
  6824      51171          2
  6825      51361          3
  6826      51606          3
  6827      51878          3
  6828      51736          5
  6829      50804          2
  6830    1220941       1893
  6831    1246952       1868
  6832    1278322       1740
  6833    1204831       1921
  6834      88200         27
  6835       2578         14
  6836          0          0
  6837          0          0
  6838          0          0
  6839          0          0
  6840          0          0
  6841          0          0
  6842          0          0
  6843          0          0
  6844          0          0
  6847          0          0
  6853          0          0
  6859          0          0
mark_from_roots_end
  6818          0          0
  6819    1089731       1588
  6820          0          0
  6822      98137         79
  6823      86540         52
  6824      99081         78
  6825      90349         69
  6826      86519         56
  6827      90288         64
  6828      89935         58
  6829      90783         65
  6830    1154583       1804
  6831    1132027       1721
  6832    1096934       1592
  6833    1184575       2011
  6834       7568         24
  6835     372912        147
  6836          0          0
  6837          0          0
  6838          0          0
  6839          0          0
  6840     201102        161
  6841     225304        224
  6842          0          0
  6843       1141          2
  6844          0          0
  6847          0          0
  6853          0          0
  6859          0          0
  6864          0          0
  6869      13995         10
mark_from_roots_end
  6818          0          0
  6819     928732       1600
  6820      45978          6
  6822     218491        107
  6823     287023        145
  6824     298058         99
  6825     204275        140
  6826     196572        147
  6827     193991        129
  6828     184768        147
  6829     263951        127
  6830    1032452       1867
  6831    1028276       1916
  6832    1052202       1721
  6833    1069632       2070
  6834       2235          9
  6835     219529        103
  6836          0          0
  6837       2950         15
  6838          0          0
  6839          0          0
  6840          0          0
  6841          0          0
  6842          0          0
  6843      19168         16
  6844          0          0
  6847          0          0
  6853          0          0
  6859          0          0
  6864          0          0
  6869          0          0
  6875          0          0
  6895     122255         10
mark_from_roots_end
  6818          0          0
  6819          0          0
  6820     104813         16
  6822          0          0
  6823          0          0
  6824          0          0
  6825          0          0
  6826          0          0
  6827          0          0
  6828          0          0
  6829          0          0
  6830    2212000       4229
  6831    2214650       4473
  6832    2210366       3812
  6833    2179494       4999
  6834      41141         42
  6835      13863          6
  6836          0          0
  6837          0          0
  6838          0          0
  6839          0          0
  6840     154021        198
  6841          0          0
  6842          0          0
  6843     165997        101
  6844          0          0
  6847          0          0
  6853          0          0
  6859          0          0
  6864          0          0
  6869          0          0
  6875          0          0
  6895          0          0
  6912          0          0
  6919          0          0
  6958     434215       1062
  6959     321666        932
  6960     215663        432
  6961     333303        637
  6962     358815        888
  6963     428527        961
  6964     275379        764
  6965     129033        299
  7031       3049          4
mark_from_roots_end
  6818          0          0
  6819          0          0
  6820     114178         13
  6822          0          0
  6823          0          0
  6824          0          0
  6825          0          0
  6826          0          0
  6827          0          0
  6828          0          0
  6829          0          0
  6830    1965624       4289
  6831    1982729       4307
  6832    1981193       4095
  6833    1958490       4371
  6834      13680         40
  6835       1736          4
  6836          0          0
  6837          0          0
  6838          0          0
  6839          0          0
  6840          0          0
  6841          0          0
  6842          0          0
  6843      15389          8
  6844          0          0
  6847          0          0
  6853          0          0
  6859          0          0
  6864          0          0
  6869          0          0
  6875          0          0
  6895          0          0
  6912          0          0
  6919          0          0
  6958     246213        659
  6959     170270        555
  6960     480706        798
  6961     303165        900
  6962     239129        569
  6963     302038        445
  6964     346244        766
  6965     166726        522
  7031          0          0
  7039          0          0
  7058      49945         17
mark_from_roots_end
  6818      33234          1
  6819          0          0
  6820       3016          5
  6822          0          0
  6823          0          0
  6824          0          0
  6825          0          0
  6826          0          0
  6827          0          0
  6828          0          0
  6829          0          0
  6830    1943790       4580
  6831    1955463       4568
  6832    1949876       4579
  6833    1944630       4314
  6834      33317         36
  6835     207159          4
  6836          0          0
  6837          0          0
  6838          0          0
  6839          0          0
  6840          0          0
  6841          0          0
  6842          0          0
  6843     151434          8
  6844          0          0
  6847          0          0
  6853          0          0
  6859          0          0
  6864          0          0
  6869          0          0
  6875          0          0
  6895          0          0
  6912          0          0
  6919          0          0
  6958     222673        619
  6959      91534        156
  6960     206898        636
  6961     253930        925
  6962     314990        575
  6963     392370        973
  6964     381726        883
  6965     321416        822
  7031          0          0
  7039          0          0
  7058          0          0
  7065          0          0
  7076      93897         16
mark_from_roots_end
  6818          0          0
  6819          0          0
  6820      19155         16
  6822          0          0
  6823          0          0
  6824          0          0
  6825          0          0
  6826          0          0
  6827          0          0
  6828          0          0
  6829          0          0
  6830    2480108       4011
  6831    2440900       5006
  6832    2407883       4536
  6833    2452990       4551
  6834      27404         30
  6835     158276          2
  6836          0          0
  6837          0          0
  6838          0          0
  6839          0          0
  6840          0          0
  6841          0          0
  6842          0          0
  6843          0          0
  6844          0          0
  6847          0          0
  6853          0          0
  6859          0          0
  6864          0          0
  6869          0          0
  6875          0          0
  6895          0          0
  6912          0          0
  6919          0          0
  6958     377105        729
  6959     603620       1056
  6960     422339       1131
  6961          0          0
  6962     662620       1425
  6963     228488        651
  6964          0          0
  6965     401933        738
  7031          0          0
  7039          0          0
  7058          0          0
  7065          0          0
  7076          0          0
  7084          0          0
  7090      26665          4
mark_from_roots_end
  6818          0          0
  6819    2183786       4309
  6820      29674         28
  6822     248694        546
  6823     205480        489
  6824     205600        532
  6825     268352        436
  6826     224627        493
  6827     174513        466
  6828     147426        370
  6829     395682        581
  6830    2707042       6164
  6831    2737658       5981
  6832    2739249       4593
  6833    2747146       5243
  6834      17486         27
  6835     198222        124
  6836          0          0
  6837          0          0
  6838          0          0
  6839          0          0
  6840     637997        609
  6841      86826        114
  6842          0          0
  6843     197841          7
  6844          0          0
  6847          0          0
  6853          0          0
  6859          0          0
  6864          0          0
  6869          0          0
  6875          0          0
  6895          0          0
  6912          0          0
  6919          0          0
  6958          0          0
  6959          0          0
  6960          0          0
  6961          0          0
  6962          0          0
  6963          0          0
  6964          0          0
  6965          0          0
  7031          0          0
  7039          0          0
  7058          0          0
  7065          0          0
  7076          0          0
  7084          0          0
  7090          0          0
  7098          0          0
  7104     543305          8
mark_from_roots_end
  6818          0          0
  6819    2170624       2855
  6820     120939         28
  6822     269564        358
  6823     250447        355
  6824     301248        336
  6825     276125        333
  6826     306870        368
  6827     271896        325
  6828     297600        338
  6829     356836        404
  6830    2134523       3139
  6831    2146217       2350
  6832    2108256       3055
  6833    2130438       2737
  6834       6028         23
  6835     408059        131
  6836          0          0
  6837          0          0
  6838          0          0
  6839          0          0
  6840     244064        376
  6841     812705        713
  6842          0          0
  6843     126333        123
  6844          0          0
  6847          0          0
  6853          0          0
  6859          0          0
  6864          0          0
  6869          0          0
  6875          0          0
  6895          0          0
  6912          0          0
  6919          0          0
  6958          0          0
  6959          0          0
  6960          0          0
  6961          0          0
  6962          0          0
  6963          0          0
  6964          0          0
  6965          0          0
  7031          0          0
  7039          0          0
  7058          0          0
  7065          0          0
  7076          0          0
  7084          0          0
  7090          0          0
  7098          0          0
  7104          0          0
  7110          0          0
  7126      61009          4
mark_from_roots_end
  6818          0          0
  6819     882255        901
  6820       1219          2
  6822     120740        142
  6823      85558        132
  6824      47251        140
  6825      45300        129
  6826      48858         86
  6827     115427        123
  6828      44995        103
  6829      82936        135
  6830    1026102       2635
  6831    1025307       2287
  6832    1063229       2581
  6833    1052154       2287
  6834       8052         20
  6835     269087         83
  6836          0          0
  6837          0          0
  6838          0          0
  6839          0          0
  6840          0          0
  6841          0          0
  6842          0          0
  6843          0          0
  6844          0          0
  6847          0          0
  6853          0          0
  6859          0          0
  6864          0          0
  6869          0          0
  6875          0          0
  6895          0          0
  6912          0          0
  6919          0          0
  6958          0          0
  6959          0          0
  6960          0          0
  6961          0          0
  6962          0          0
  6963          0          0
  6964          0          0
  6965          0          0
  7031          0          0
  7039          0          0
  7058          0          0
  7065          0          0
  7076          0          0
  7084          0          0
  7090          0          0
  7098          0          0
  7104          0          0
  7110          0          0
  7126          0          0
  7131          0          0
  7137          0          0
  7150       4595          9
vm_exit
  6818      62865         28       4276
  6819   23294250      58260   12368688
  6820    2552867       1727     617177
  6822    7398647       9891    2681911
  6823    7538518       9515    2387102
  6824    7342474      10035    2660334
  6825    6858520       9755    2877933
  6826    6954908       9890    2914621
  6827    7059530       9835    2807609
  6828    6820234       9489    2890404
  6829    7325380      10073    2762725
  6830   18665251      35326    2392561
  6831   18711562      35282    2354303
  6832   18724774      33143    2365610
  6833   18731835      35244    2416200
  6834   21287512      72521   18676848
  6835   66905294     227892    8455869
  6836      14865         49       3288
  6837      77794        142       7545
  6838       5010         17       1079
  6839       3445          7        216
  6840    5227558       8411    2911525
  6841    5767383      10922    3247006
  6842       1196          1         83
  6843    2013608       2039     155810
  6844        860          1        976
  6847       2511          6       2953
  6853       3300          8       3793
  6859          0          0       3578
  6864       8679          6       3830
  6869      13995         10       4253
  6875      53809         10       3866
  6895     122255         10       3981
  6912       4613         10       4186
  6919       3011          6       3716
  6958   13901916      55638    5515235
  6959   13923986      58366    5745046
  6960   13196256      54304    5801430
  6961   12892113      53019    5631758
  6962   13279134      53705    5734013
  6963   13830635      55968    5649172
  6964   14170750      56965    5635849
  6965   14179049      57925    5740797
  7031       3049          4       4459
  7039       2309          3       4355
  7058      49945         17       4734
  7065       9458         13       4936
  7076      93897         16       4709
  7084      27858          6       4524
  7090      26665          4       4367
  7098      29561          2       4410
  7104     543305          8      10395
  7110       2222          4       4295
  7126      61009          4       4360
  7131      12781         10       4454
  7137       4883         10       4333
  7150       4595          9       4467
  7155       2846          8       4609
  7157       9818         43       1722
