mark_from_roots_end
 14119          0          0
 14120     583632        699
 14121       1432          4
 14123       1521          7
 14124        191          1
 14125        786          3
 14126       1385          7
 14127       1205          6
 14128       2030          9
 14129        973          4
 14130       1019          4
 14131          0          0
 14132          0          0
 14133          0          0
 14134          0          0
 14135     966270       1433
 14136       7097         24
 14137          0          0
 14138          0          0
 14139          0          0
 14140          0          0
 14141     295712        265
 14142     272825        229
 14143          0          0
 14144        332          1
 14145          0          0
 14148       6076         10
 14152        749          1
mark_from_roots_end
 14119          0          0
 14120     917539       2612
 14121      17092         10
 14123     148875         91
 14124     146945         90
 14125     146553         89
 14126     153389        118
 14127     145424         97
 14128     148597         96
 14129     144955         94
 14130     147825        127
 14131          0          0
 14132          0          0
 14133          0          0
 14134          0          0
 14135    1739604       5931
 14136      61144        177
 14137          0          0
 14138          0          0
 14139          0          0
 14140          0          0
 14141     102668        246
 14142      92783        216
 14143          0          0
 14144      61116         71
 14145          0          0
 14148          0          0
 14152          0          0
 14165          0          0
 14170       5956          8
mark_from_roots_end
 14119          0          0
 14120          0          0
 14121       9796         23
 14123          0          0
 14124          0          0
 14125          0          0
 14126          0          0
 14127          0          0
 14128          0          0
 14129          0          0
 14130          0          0
 14131          0          0
 14132          0          0
 14133          0          0
 14134          0          0
 14135    3637609       9789
 14136       9494          4
 14137          0          0
 14138          0          0
 14139          0          0
 14140          0          0
 14141     190763        422
 14142      98626        177
 14143          0          0
 14144      11015         34
 14145          0          0
 14148          0          0
 14152          0          0
 14165          0          0
 14170          0          0
 14175          0          0
 14190          0          0
 14202     352363        897
 14203     406023       1427
 14204     593248       1432
 14205     493541       1139
 14206     425675       1062
 14207     356669        897
 14208     703020       1642
 14209     406213       1423
 14248          0          0
 14256      21078          9
mark_from_roots_end
 14119          0          0
 14120          0          0
 14121       3801         10
 14123          0          0
 14124          0          0
 14125          0          0
 14126          0          0
 14127          0          0
 14128          0          0
 14129          0          0
 14130          0          0
 14131          0          0
 14132          0          0
 14133          0          0
 14134          0          0
 14135    2503247       8404
 14136       5097          4
 14137          0          0
 14138          0          0
 14139          0          0
 14140          0          0
 14141          0          0
 14142          0          0
 14143          0          0
 14144       1162          5
 14145          0          0
 14148          0          0
 14152          0          0
 14165          0          0
 14170          0          0
 14175          0          0
 14190          0          0
 14202     269587       1022
 14203     350376        875
 14204     335973       1320
 14205     390304       1222
 14206     172797        710
 14207     328614       1404
 14208     473474        725
 14209     174180        648
 14248          0          0
 14256          0          0
 14276          0          0
 14284      29052          6
mark_from_roots_end
 14119          0          0
 14120          0          0
 14121      12501         16
 14123          0          0
 14124          0          0
 14125          0          0
 14126          0          0
 14127          0          0
 14128          0          0
 14129          0          0
 14130          0          0
 14131          0          0
 14132          0          0
 14133          0          0
 14134          0          0
 14135    2829180       9747
 14136       1732          3
 14137          0          0
 14138          0          0
 14139          0          0
 14140          0          0
 14141          0          0
 14142          0          0
 14143          0          0
 14144       7841         24
 14145          0          0
 14148          0          0
 14152          0          0
 14165          0          0
 14170          0          0
 14175          0          0
 14190          0          0
 14202     398470       1324
 14203     410516       1192
 14204     513795       1828
 14205     385221       1218
 14206     502062       1396
 14207     281699       1130
 14208     361086       1451
 14209          0          0
 14248          0          0
 14256          0          0
 14276          0          0
 14284          0          0
 14293          0          0
 14301      19649         15
mark_from_roots_end
 14119          0          0
 14120    1841625       5245
 14121       7312          7
 14123          0          0
 14124          0          0
 14125          0          0
 14126          0          0
 14127          0          0
 14128          0          0
 14129          0          0
 14130          0          0
 14131          0          0
 14132          0          0
 14133          0          0
 14134          0          0
 14135    2428557       8905
 14136      64941         55
 14137          0          0
 14138          0          0
 14139          0          0
 14140          0          0
 14141      92971        322
 14142      83251        321
 14143          0          0
 14144          0          0
 14145          0          0
 14148          0          0
 14152          0          0
 14165          0          0
 14170          0          0
 14175          0          0
 14190          0          0
 14202          0          0
 14203          0          0
 14204          0          0
 14205          0          0
 14206          0          0
 14207          0          0
 14208          0          0
 14209          0          0
 14248          0          0
 14256          0          0
 14276          0          0
 14284          0          0
 14293          0          0
 14301          0          0
 14308          0          0
 14315      50133          5
mark_from_roots_end
 14119          0          0
 14120    1167509       3338
 14121       3808          9
 14123     141771        424
 14124     147777        489
 14125     229071        475
 14126     344815        736
 14127     161822        466
 14128     156691        457
 14129     190815        432
 14130     145358        452
 14131          0          0
 14132          0          0
 14133          0          0
 14134          0          0
 14135    1583687       5550
 14136     106312        194
 14137          0          0
 14138          0          0
 14139          0          0
 14140          0          0
 14141          0          0
 14142          0          0
 14143          0          0
 14144      10244         20
 14145          0          0
 14148          0          0
 14152          0          0
 14165          0          0
 14170          0          0
 14175          0          0
 14190          0          0
 14202          0          0
 14203          0          0
 14204          0          0
 14205          0          0
 14206          0          0
 14207          0          0
 14208          0          0
 14209          0          0
 14248          0          0
 14256          0          0
 14276          0          0
 14284          0          0
 14293          0          0
 14301          0          0
 14308          0          0
 14315          0          0
 14321          0          0
 14327          0          0
 14343          0          0
 14348      85767         13
mark_from_roots_end
 14119          0          0
 14120      90157        396
 14121      13415         11
 14123          0          0
 14124          0          0
 14125          0          0
 14126          0          0
 14127          0          0
 14128          0          0
 14129          0          0
 14130          0          0
 14131          0          0
 14132          0          0
 14133          0          0
 14134          0          0
 14135    1826657       7837
 14136      12032         30
 14137          0          0
 14138          0          0
 14139          0          0
 14140          0          0
 14141          0          0
 14142          0          0
 14143          0          0
 14144          0          0
 14145          0          0
 14148          0          0
 14152          0          0
 14165          0          0
 14170          0          0
 14175          0          0
 14190          0          0
 14202          0          0
 14203          0          0
 14204          0          0
 14205          0          0
 14206          0          0
 14207          0          0
 14208          0          0
 14209          0          0
 14248          0          0
 14256          0          0
 14276          0          0
 14284          0          0
 14293          0          0
 14301          0          0
 14308          0          0
 14315          0          0
 14321          0          0
 14327          0          0
 14343          0          0
 14348          0          0
 14354          0          0
 14368          0          0
 14373       4574          9
 14375       7839         38
vm_exit
 14119      85325         31       3877
 14120   18669353      53836   11594869
 14121    2172741       1717     597348
 14123    7493357       9880    2540499
 14124    7287344       9907    2529217
 14125    7489049       9680    2470544
 14126    7635544      10121    2280041
 14127    7614291       9841    2475834
 14128    7527460       9879    2197016
 14129    7307506       9518    2569968
 14130    7228680       9810    2605875
 14131   14582411      29488    1934377
 14132   14747030      27367    1765484
 14133   14661510      28221    1903190
 14134   14497872      29363    1998550
 14135   18902408      60822   16847660
 14136   71434875     238624    8774165
 14137      16671         55       3517
 14138      48807        115       7060
 14139      14239         28       1356
 14140       3269          7        313
 14141    3863739       8960    3112972
 14142    4244411       9342    3391537
 14143        300          1        117
 14144    1808015       1844     151587
 14145        738          0        922
 14148       6076         10       3348
 14152        749          1       3366
 14165       2838         10       4049
 14170       5956          8       4138
 14175      29613         11       3826
 14190      48054         11       3996
 14202   12332002      49843    5856134
 14203   13618771      54923    5867358
 14204   12601182      51922    5849666
 14205   13313330      52982    5718770
 14206   13328573      49276    5906661
 14207   12585521      50879    5763964
 14208   12785977      50069    5794069
 14209   11732715      49503    5675314
 14248      59948         13       4663
 14256      21078          9       5763
 14276      41311         13       4969
 14284      29052          6       4730
 14293     120936         15       5233
 14301      19649         15       4548
 14308      44168         11       4582
 14315      50133          5       4726
 14321      16669          9       4720
 14327      17276         17       4410
 14343      19969          5       4483
 14348      85767         13       4913
 14354        361          2       4109
 14368      64839         10       4609
 14373       4574          9       7788
 14375       7839         38       1454
